# vsim -do {run -all; exit;} -l bitwise_code_output.log -c bitwise_code 
# Loading sv_std.std
# Loading work.bitwise_code
# run -all 
# 
#  	 the value of a is 1101
# 
#  	 the value of b is 101
# 
#  	 the bitwise NOT (~a) operator output is 10
# 
#  	 the bitwise AND (a&b) operator output is 101
# 
#  	 the bitwise OR (a|c) operator output is 1111
# 
#  	 the bitwise XOR (a^b) operator output is 1000
# 
#  	 the bitwise NAND ~(a&b) operator output is 1010
# 
#  	 the bitwise NOR ~(b|a) operator output is 10
# 
#  	 the bitwise XNOR ~(a^b) operator output is 111
#  exit 
